0 info it worked if it ends with ok
1 verbose cli [ '/home/claysmith/local/bin/node',
1 verbose cli   '/home/claysmith/local/bin/npm',
1 verbose cli   'install' ]
2 info using npm@1.4.14
3 info using node@v0.10.29
4 warn package.json tbplayer@0.1.0 No description
5 warn package.json tbplayer@0.1.0 No repository field.
6 warn package.json tbplayer@0.1.0 No README data
7 verbose readDependencies using package.json deps
8 verbose install where, deps [ '/home/claysmith/Projects/embedded-player',
8 verbose install   [ 'beefy', 'browserify', 'crel', 'domready', 'uglifyify', 'JSONP' ] ]
9 info preinstall tbplayer@0.1.0
10 verbose readDependencies using package.json deps
11 verbose already installed skipping crel@^1.1.2 /home/claysmith/Projects/embedded-player
12 verbose cache add [ 'domready@latest', null ]
13 verbose cache add name=undefined spec="domready@latest" args=["domready@latest",null]
14 verbose parsed url { protocol: null,
14 verbose parsed url   slashes: null,
14 verbose parsed url   auth: null,
14 verbose parsed url   host: null,
14 verbose parsed url   port: null,
14 verbose parsed url   hostname: null,
14 verbose parsed url   hash: null,
14 verbose parsed url   search: null,
14 verbose parsed url   query: null,
14 verbose parsed url   pathname: 'domready@latest',
14 verbose parsed url   path: 'domready@latest',
14 verbose parsed url   href: 'domready@latest' }
15 verbose cache add name="domready" spec="latest" args=["domready","latest"]
16 verbose parsed url { protocol: null,
16 verbose parsed url   slashes: null,
16 verbose parsed url   auth: null,
16 verbose parsed url   host: null,
16 verbose parsed url   port: null,
16 verbose parsed url   hostname: null,
16 verbose parsed url   hash: null,
16 verbose parsed url   search: null,
16 verbose parsed url   query: null,
16 verbose parsed url   pathname: 'latest',
16 verbose parsed url   path: 'latest',
16 verbose parsed url   href: 'latest' }
17 verbose addNamed [ 'domready', 'latest' ]
18 verbose addNamed [ null, null ]
19 silly lockFile f35b8d7e-domready-latest domready@latest
20 verbose lock domready@latest /home/claysmith/.npm/f35b8d7e-domready-latest.lock
21 verbose cache add [ 'uglifyify@latest', null ]
22 verbose cache add name=undefined spec="uglifyify@latest" args=["uglifyify@latest",null]
23 verbose parsed url { protocol: null,
23 verbose parsed url   slashes: null,
23 verbose parsed url   auth: null,
23 verbose parsed url   host: null,
23 verbose parsed url   port: null,
23 verbose parsed url   hostname: null,
23 verbose parsed url   hash: null,
23 verbose parsed url   search: null,
23 verbose parsed url   query: null,
23 verbose parsed url   pathname: 'uglifyify@latest',
23 verbose parsed url   path: 'uglifyify@latest',
23 verbose parsed url   href: 'uglifyify@latest' }
24 verbose cache add name="uglifyify" spec="latest" args=["uglifyify","latest"]
25 verbose parsed url { protocol: null,
25 verbose parsed url   slashes: null,
25 verbose parsed url   auth: null,
25 verbose parsed url   host: null,
25 verbose parsed url   port: null,
25 verbose parsed url   hostname: null,
25 verbose parsed url   hash: null,
25 verbose parsed url   search: null,
25 verbose parsed url   query: null,
25 verbose parsed url   pathname: 'latest',
25 verbose parsed url   path: 'latest',
25 verbose parsed url   href: 'latest' }
26 verbose addNamed [ 'uglifyify', 'latest' ]
27 verbose addNamed [ null, null ]
28 silly lockFile ba648860-uglifyify-latest uglifyify@latest
29 verbose lock uglifyify@latest /home/claysmith/.npm/ba648860-uglifyify-latest.lock
30 verbose cache add [ 'JSONP@https://github.com/larryosborn/JSONP#master', null ]
31 verbose cache add name=undefined spec="JSONP@https://github.com/larryosborn/JSONP#master" args=["JSONP@https://github.com/larryosborn/JSONP#master",null]
32 verbose parsed url { protocol: null,
32 verbose parsed url   slashes: null,
32 verbose parsed url   auth: null,
32 verbose parsed url   host: null,
32 verbose parsed url   port: null,
32 verbose parsed url   hostname: null,
32 verbose parsed url   hash: '#master',
32 verbose parsed url   search: null,
32 verbose parsed url   query: null,
32 verbose parsed url   pathname: 'JSONP@https://github.com/larryosborn/JSONP',
32 verbose parsed url   path: 'JSONP@https://github.com/larryosborn/JSONP',
32 verbose parsed url   href: 'JSONP@https://github.com/larryosborn/JSONP#master' }
33 info addNameTag [ 'domready', 'latest' ]
34 verbose cache add name="JSONP" spec="https://github.com/larryosborn/JSONP#master" args=["JSONP","https://github.com/larryosborn/JSONP#master"]
35 verbose parsed url { protocol: 'https:',
35 verbose parsed url   slashes: true,
35 verbose parsed url   auth: null,
35 verbose parsed url   host: 'github.com',
35 verbose parsed url   port: null,
35 verbose parsed url   hostname: 'github.com',
35 verbose parsed url   hash: '#master',
35 verbose parsed url   search: null,
35 verbose parsed url   query: null,
35 verbose parsed url   pathname: '/larryosborn/JSONP',
35 verbose parsed url   path: '/larryosborn/JSONP',
35 verbose parsed url   href: 'https://github.com/larryosborn/JSONP#master' }
36 silly lockFile c6d5b206-hub-com-larryosborn-JSONP-master https://github.com/larryosborn/JSONP#master
37 verbose lock https://github.com/larryosborn/JSONP#master /home/claysmith/.npm/c6d5b206-hub-com-larryosborn-JSONP-master.lock
38 info addNameTag [ 'uglifyify', 'latest' ]
39 verbose addRemoteTarball [ 'https://github.com/larryosborn/JSONP#master', null ]
40 verbose cache add [ 'beefy@latest', null ]
41 verbose cache add name=undefined spec="beefy@latest" args=["beefy@latest",null]
42 verbose parsed url { protocol: null,
42 verbose parsed url   slashes: null,
42 verbose parsed url   auth: null,
42 verbose parsed url   host: null,
42 verbose parsed url   port: null,
42 verbose parsed url   hostname: null,
42 verbose parsed url   hash: null,
42 verbose parsed url   search: null,
42 verbose parsed url   query: null,
42 verbose parsed url   pathname: 'beefy@latest',
42 verbose parsed url   path: 'beefy@latest',
42 verbose parsed url   href: 'beefy@latest' }
43 verbose cache add name="beefy" spec="latest" args=["beefy","latest"]
44 verbose parsed url { protocol: null,
44 verbose parsed url   slashes: null,
44 verbose parsed url   auth: null,
44 verbose parsed url   host: null,
44 verbose parsed url   port: null,
44 verbose parsed url   hostname: null,
44 verbose parsed url   hash: null,
44 verbose parsed url   search: null,
44 verbose parsed url   query: null,
44 verbose parsed url   pathname: 'latest',
44 verbose parsed url   path: 'latest',
44 verbose parsed url   href: 'latest' }
45 verbose addNamed [ 'beefy', 'latest' ]
46 verbose addNamed [ null, null ]
47 silly lockFile 2d32b18b-beefy-latest beefy@latest
48 verbose lock beefy@latest /home/claysmith/.npm/2d32b18b-beefy-latest.lock
49 verbose url raw domready
50 verbose url resolving [ 'https://registry.npmjs.org/', './domready' ]
51 verbose url resolved https://registry.npmjs.org/domready
52 info trying registry request attempt 1 at 11:22:20
53 verbose etag "8Y4459PF551RTDIJK4OJQ4FX5"
54 http GET https://registry.npmjs.org/domready
55 verbose cache add [ 'browserify@latest', null ]
56 verbose cache add name=undefined spec="browserify@latest" args=["browserify@latest",null]
57 verbose parsed url { protocol: null,
57 verbose parsed url   slashes: null,
57 verbose parsed url   auth: null,
57 verbose parsed url   host: null,
57 verbose parsed url   port: null,
57 verbose parsed url   hostname: null,
57 verbose parsed url   hash: null,
57 verbose parsed url   search: null,
57 verbose parsed url   query: null,
57 verbose parsed url   pathname: 'browserify@latest',
57 verbose parsed url   path: 'browserify@latest',
57 verbose parsed url   href: 'browserify@latest' }
58 info addNameTag [ 'beefy', 'latest' ]
59 verbose url raw uglifyify
60 verbose url resolving [ 'https://registry.npmjs.org/', './uglifyify' ]
61 verbose url resolved https://registry.npmjs.org/uglifyify
62 info trying registry request attempt 1 at 11:22:20
63 verbose etag "7JWDJVKHFOKN7R7MI1FTVWQ99"
64 http GET https://registry.npmjs.org/uglifyify
65 verbose cache add name="browserify" spec="latest" args=["browserify","latest"]
66 verbose parsed url { protocol: null,
66 verbose parsed url   slashes: null,
66 verbose parsed url   auth: null,
66 verbose parsed url   host: null,
66 verbose parsed url   port: null,
66 verbose parsed url   hostname: null,
66 verbose parsed url   hash: null,
66 verbose parsed url   search: null,
66 verbose parsed url   query: null,
66 verbose parsed url   pathname: 'latest',
66 verbose parsed url   path: 'latest',
66 verbose parsed url   href: 'latest' }
67 verbose addNamed [ 'browserify', 'latest' ]
68 verbose addNamed [ null, null ]
69 silly lockFile 97edd6c9-browserify-latest browserify@latest
70 verbose lock browserify@latest /home/claysmith/.npm/97edd6c9-browserify-latest.lock
71 info retry fetch attempt 1 at 11:22:20
72 verbose fetch to= /home/claysmith/tmp/npm-7272-AjUE0RMu/github.com/larryosborn/JSONP
73 info addNameTag [ 'browserify', 'latest' ]
74 http GET https://github.com/larryosborn/JSONP#master
75 verbose url raw beefy
76 verbose url resolving [ 'https://registry.npmjs.org/', './beefy' ]
77 verbose url resolved https://registry.npmjs.org/beefy
78 info trying registry request attempt 1 at 11:22:20
79 verbose etag "2ZW5U2YMM2K6SK4X9KE44TWTT"
80 http GET https://registry.npmjs.org/beefy
81 verbose url raw browserify
82 verbose url resolving [ 'https://registry.npmjs.org/', './browserify' ]
83 verbose url resolved https://registry.npmjs.org/browserify
84 info trying registry request attempt 1 at 11:22:20
85 verbose etag "E2G8VBSBXX6FV4RZ3L65MA30T"
86 http GET https://registry.npmjs.org/browserify
87 http 304 https://registry.npmjs.org/beefy
88 silly registry.get cb [ 304,
88 silly registry.get   { date: 'Wed, 23 Jul 2014 18:22:20 GMT',
88 silly registry.get     server: 'Apache',
88 silly registry.get     via: '1.1 varnish',
88 silly registry.get     'last-modified': 'Wed, 23 Jul 2014 18:22:20 GMT',
88 silly registry.get     'cache-control': 'max-age=60',
88 silly registry.get     etag: '"2ZW5U2YMM2K6SK4X9KE44TWTT"',
88 silly registry.get     'x-served-by': 'cache-lax1422-LAX',
88 silly registry.get     'x-cache': 'HIT',
88 silly registry.get     'x-cache-hits': '1',
88 silly registry.get     'x-timer': 'S1406139740.626561,VS0,VE0',
88 silly registry.get     vary: 'Accept',
88 silly registry.get     'content-length': '0',
88 silly registry.get     'keep-alive': 'timeout=10, max=50',
88 silly registry.get     connection: 'Keep-Alive' } ]
89 verbose etag beefy from cache
90 http 304 https://registry.npmjs.org/uglifyify
91 silly registry.get cb [ 304,
91 silly registry.get   { date: 'Wed, 23 Jul 2014 18:22:20 GMT',
91 silly registry.get     server: 'Apache',
91 silly registry.get     via: '1.1 varnish',
91 silly registry.get     'last-modified': 'Wed, 23 Jul 2014 18:22:20 GMT',
91 silly registry.get     'cache-control': 'max-age=60',
91 silly registry.get     etag: '"7JWDJVKHFOKN7R7MI1FTVWQ99"',
91 silly registry.get     'x-served-by': 'cache-sjc3126-SJC',
91 silly registry.get     'x-cache': 'MISS',
91 silly registry.get     'x-cache-hits': '0',
91 silly registry.get     'x-timer': 'S1406139740.601850,VS0,VE30',
91 silly registry.get     vary: 'Accept',
91 silly registry.get     'content-length': '0',
91 silly registry.get     'keep-alive': 'timeout=10, max=50',
91 silly registry.get     connection: 'Keep-Alive' } ]
92 verbose etag uglifyify from cache
93 verbose addNamed [ 'beefy', '2.1.0' ]
94 verbose addNamed [ '2.1.0', '2.1.0' ]
95 silly lockFile aee692e3-beefy-2-1-0 beefy@2.1.0
96 verbose lock beefy@2.1.0 /home/claysmith/.npm/aee692e3-beefy-2-1-0.lock
97 verbose addNamed [ 'uglifyify', '2.5.0' ]
98 verbose addNamed [ '2.5.0', '2.5.0' ]
99 silly lockFile fa610851-uglifyify-2-5-0 uglifyify@2.5.0
100 verbose lock uglifyify@2.5.0 /home/claysmith/.npm/fa610851-uglifyify-2-5-0.lock
101 silly lockFile aee692e3-beefy-2-1-0 beefy@2.1.0
102 silly lockFile aee692e3-beefy-2-1-0 beefy@2.1.0
103 silly lockFile 2d32b18b-beefy-latest beefy@latest
104 silly lockFile 2d32b18b-beefy-latest beefy@latest
105 silly lockFile fa610851-uglifyify-2-5-0 uglifyify@2.5.0
106 silly lockFile fa610851-uglifyify-2-5-0 uglifyify@2.5.0
107 silly lockFile ba648860-uglifyify-latest uglifyify@latest
108 silly lockFile ba648860-uglifyify-latest uglifyify@latest
109 info already installed beefy@2.1.0
110 info already installed uglifyify@2.5.0
111 http 304 https://registry.npmjs.org/domready
112 silly registry.get cb [ 304,
112 silly registry.get   { date: 'Wed, 23 Jul 2014 18:22:21 GMT',
112 silly registry.get     server: 'Apache',
112 silly registry.get     via: '1.1 varnish',
112 silly registry.get     'last-modified': 'Wed, 23 Jul 2014 18:22:21 GMT',
112 silly registry.get     'cache-control': 'max-age=60',
112 silly registry.get     etag: '"8Y4459PF551RTDIJK4OJQ4FX5"',
112 silly registry.get     'x-served-by': 'cache-lax1425-LAX',
112 silly registry.get     'x-cache': 'HIT',
112 silly registry.get     'x-cache-hits': '1',
112 silly registry.get     'x-timer': 'S1406139741.563792,VS0,VE0',
112 silly registry.get     vary: 'Accept',
112 silly registry.get     'content-length': '0',
112 silly registry.get     'keep-alive': 'timeout=10, max=50',
112 silly registry.get     connection: 'Keep-Alive' } ]
113 verbose etag domready from cache
114 verbose addNamed [ 'domready', '1.0.5' ]
115 verbose addNamed [ '1.0.5', '1.0.5' ]
116 silly lockFile c135d918-domready-1-0-5 domready@1.0.5
117 verbose lock domready@1.0.5 /home/claysmith/.npm/c135d918-domready-1-0-5.lock
118 silly lockFile c135d918-domready-1-0-5 domready@1.0.5
119 silly lockFile c135d918-domready-1-0-5 domready@1.0.5
120 silly lockFile f35b8d7e-domready-latest domready@latest
121 silly lockFile f35b8d7e-domready-latest domready@latest
122 info already installed domready@1.0.5
123 http 304 https://registry.npmjs.org/browserify
124 silly registry.get cb [ 304,
124 silly registry.get   { date: 'Wed, 23 Jul 2014 18:22:21 GMT',
124 silly registry.get     server: 'Apache',
124 silly registry.get     via: '1.1 varnish',
124 silly registry.get     'last-modified': 'Wed, 23 Jul 2014 18:22:21 GMT',
124 silly registry.get     'cache-control': 'max-age=60',
124 silly registry.get     etag: '"E2G8VBSBXX6FV4RZ3L65MA30T"',
124 silly registry.get     'x-served-by': 'cache-lax1432-LAX',
124 silly registry.get     'x-cache': 'HIT',
124 silly registry.get     'x-cache-hits': '1',
124 silly registry.get     'x-timer': 'S1406139741.651134,VS0,VE2',
124 silly registry.get     vary: 'Accept',
124 silly registry.get     'content-length': '0',
124 silly registry.get     'keep-alive': 'timeout=10, max=50',
124 silly registry.get     connection: 'Keep-Alive' } ]
125 verbose etag browserify from cache
126 verbose addNamed [ 'browserify', '4.2.3' ]
127 verbose addNamed [ '4.2.3', '4.2.3' ]
128 silly lockFile d3231cbf-browserify-4-2-3 browserify@4.2.3
129 verbose lock browserify@4.2.3 /home/claysmith/.npm/d3231cbf-browserify-4-2-3.lock
130 silly lockFile d3231cbf-browserify-4-2-3 browserify@4.2.3
131 silly lockFile d3231cbf-browserify-4-2-3 browserify@4.2.3
132 silly lockFile 97edd6c9-browserify-latest browserify@latest
133 silly lockFile 97edd6c9-browserify-latest browserify@latest
134 info already installed browserify@4.2.3
135 http 200 https://github.com/larryosborn/JSONP#master
136 verbose tar unpack /home/claysmith/tmp/npm-7272-AjUE0RMu/github.com/larryosborn/JSONP
137 silly lockFile e007b770-hub-com-larryosborn-JSONP-unpack tar:///home/claysmith/tmp/npm-7272-AjUE0RMu/github.com/larryosborn/JSONP-unpack
138 verbose lock tar:///home/claysmith/tmp/npm-7272-AjUE0RMu/github.com/larryosborn/JSONP-unpack /home/claysmith/.npm/e007b770-hub-com-larryosborn-JSONP-unpack.lock
139 silly lockFile 517aade8-RMu-github-com-larryosborn-JSONP tar:///home/claysmith/tmp/npm-7272-AjUE0RMu/github.com/larryosborn/JSONP
140 verbose lock tar:///home/claysmith/tmp/npm-7272-AjUE0RMu/github.com/larryosborn/JSONP /home/claysmith/.npm/517aade8-RMu-github-com-larryosborn-JSONP.lock
141 silly gunzTarPerm modes [ '755', '644' ]
142 error not a package /home/claysmith/tmp/npm-7272-AjUE0RMu/github.com/larryosborn/JSONP
143 silly lockFile e007b770-hub-com-larryosborn-JSONP-unpack tar:///home/claysmith/tmp/npm-7272-AjUE0RMu/github.com/larryosborn/JSONP-unpack
144 silly lockFile e007b770-hub-com-larryosborn-JSONP-unpack tar:///home/claysmith/tmp/npm-7272-AjUE0RMu/github.com/larryosborn/JSONP-unpack
145 silly lockFile 517aade8-RMu-github-com-larryosborn-JSONP tar:///home/claysmith/tmp/npm-7272-AjUE0RMu/github.com/larryosborn/JSONP
146 silly lockFile 517aade8-RMu-github-com-larryosborn-JSONP tar:///home/claysmith/tmp/npm-7272-AjUE0RMu/github.com/larryosborn/JSONP
147 silly lockFile c6d5b206-hub-com-larryosborn-JSONP-master https://github.com/larryosborn/JSONP#master
148 silly lockFile c6d5b206-hub-com-larryosborn-JSONP-master https://github.com/larryosborn/JSONP#master
149 error Error: ENOENT, open '/home/claysmith/tmp/npm-7272-AjUE0RMu/github.com/larryosborn/JSONP-unpack/package.json'
150 error If you need help, you may report this *entire* log,
150 error including the npm and node versions, at:
150 error     <http://github.com/npm/npm/issues>
151 error System Linux 3.13.0-30-generic
152 error command "/home/claysmith/local/bin/node" "/home/claysmith/local/bin/npm" "install"
153 error cwd /home/claysmith/Projects/embedded-player
154 error node -v v0.10.29
155 error npm -v 1.4.14
156 error path /home/claysmith/tmp/npm-7272-AjUE0RMu/github.com/larryosborn/JSONP-unpack/package.json
157 error code ENOENT
158 error errno 34
159 verbose exit [ 34, true ]
